<?xml version="1.0" encoding="UTF-8"?>
<testng-results skipped="0" failed="0" total="2" passed="2">
  <reporter-output>
  </reporter-output>
  <suite name="Suite" duration-ms="105734" started-at="2021-02-10T09:19:19Z" finished-at="2021-02-10T09:21:05Z">
    <groups>
    </groups>
    <test name="FirefoxTestCase" duration-ms="88561" started-at="2021-02-10T09:19:19Z" finished-at="2021-02-10T09:20:48Z">
      <class name="shopping.Echo">
        <test-method status="PASS" signature="beforeTest(java.lang.String)[pri:0, instance:shopping.Echo@10399e]" name="beforeTest" is-config="true" duration-ms="55671" started-at="2021-02-10T14:49:20Z" finished-at="2021-02-10T14:50:15Z">
          <params>
            <param index="0">
              <value>
                <![CDATA[firefox]]>
              </value>
            </param>
          </params>
          <reporter-output>
          </reporter-output>
        </test-method> <!-- beforeTest -->
        <test-method status="PASS" signature="login()[pri:0, instance:shopping.Echo@10399e]" name="login" duration-ms="25022" started-at="2021-02-10T14:50:15Z" finished-at="2021-02-10T14:50:40Z">
          <reporter-output>
          </reporter-output>
        </test-method> <!-- login -->
        <test-method status="PASS" signature="afterTest()[pri:0, instance:shopping.Echo@10399e]" name="afterTest" is-config="true" duration-ms="7854" started-at="2021-02-10T14:50:40Z" finished-at="2021-02-10T14:50:48Z">
          <reporter-output>
          </reporter-output>
        </test-method> <!-- afterTest -->
      </class> <!-- shopping.Echo -->
    </test> <!-- FirefoxTestCase -->
    <test name="ChromeTestCase" duration-ms="105734" started-at="2021-02-10T09:19:19Z" finished-at="2021-02-10T09:21:05Z">
      <class name="shopping.Echo">
        <test-method status="PASS" signature="beforeTest(java.lang.String)[pri:0, instance:shopping.Echo@153acfe]" name="beforeTest" is-config="true" duration-ms="33018" started-at="2021-02-10T14:49:20Z" finished-at="2021-02-10T14:49:53Z">
          <params>
            <param index="0">
              <value>
                <![CDATA[chrome]]>
              </value>
            </param>
          </params>
          <reporter-output>
          </reporter-output>
        </test-method> <!-- beforeTest -->
        <test-method status="PASS" signature="login()[pri:0, instance:shopping.Echo@153acfe]" name="login" duration-ms="71242" started-at="2021-02-10T14:49:53Z" finished-at="2021-02-10T14:51:04Z">
          <reporter-output>
          </reporter-output>
        </test-method> <!-- login -->
        <test-method status="PASS" signature="afterTest()[pri:0, instance:shopping.Echo@153acfe]" name="afterTest" is-config="true" duration-ms="906" started-at="2021-02-10T14:51:04Z" finished-at="2021-02-10T14:51:05Z">
          <reporter-output>
          </reporter-output>
        </test-method> <!-- afterTest -->
      </class> <!-- shopping.Echo -->
    </test> <!-- ChromeTestCase -->
  </suite> <!-- Suite -->
</testng-results>
